<!DOCTYPE html PUBLIC "-//W3C//DTD XHTML 1.1//EN" "http://www.w3.org/TR/xhtml11/DTD/xhtml11.dtd">
<html xmlns="http://www.w3.org/1999/xhtml">
<head>
<meta http-equiv="content-type" content="text/html; charset=UTF-8"/>
<title>TestNG Report</title>
<style type="text/css">table {margin-bottom:10px;border-collapse:collapse;empty-cells:show}th,td {border:1px solid #009;padding:.25em .5em}th {vertical-align:bottom}td {vertical-align:top}table a {font-weight:bold}.stripe td {background-color: #E6EBF9}.num {text-align:right}.passedodd td {background-color: #3F3}.passedeven td {background-color: #0A0}.skippedodd td {background-color: #DDD}.skippedeven td {background-color: #CCC}.failedodd td,.attn {background-color: #F33}.failedeven td,.stripe .attn {background-color: #D00}.stacktrace {white-space:pre;font-family:monospace}.totop {font-size:85%;text-align:center;border-bottom:2px solid #000}.invisible {display:none}</style>
</head>
<body>
<table>
<tr><th>Test</th><th># Passed</th><th># Skipped</th><th># Failed</th><th>Time (ms)</th><th>Included Groups</th><th>Excluded Groups</th></tr>
<tr><th colspan="7">Suite</th></tr>
<tr><td><a href="#t0">Tests on Chrome</a></td><td class="num">3</td><td class="num">0</td><td class="num attn">2</td><td class="num">12,277</td><td></td><td></td></tr>
<tr class="stripe"><td><a href="#t1">Tests on Firefox</a></td><td class="num">3</td><td class="num">0</td><td class="num attn">2</td><td class="num">82,691</td><td></td><td></td></tr>
<tr><th>Total</th><th class="num">6</th><th class="num">0</th><th class="num attn">4</th><th class="num">94,968</th><th colspan="2"></th></tr>
</table>
<table id='summary'><thead><tr><th>Class</th><th>Method</th><th>Start</th><th>Time (ms)</th></tr></thead><tbody><tr><th colspan="4">Suite</th></tr></tbody><tbody id="t0"><tr><th colspan="4">Tests on Chrome &#8212; failed</th></tr><tr class="failedeven"><td rowspan="2">Test3.GoogleSearchTest</td><td><a href="#m0">googleFeelingLuckyButtonTest</a></td><td rowspan="1">1554770008265</td><td rowspan="1">177</td></tr><tr class="failedeven"><td><a href="#m1">googleSearchButtonTest</a></td><td rowspan="1">1554770008632</td><td rowspan="1">124</td></tr><tr><th colspan="4">Tests on Chrome &#8212; passed</th></tr><tr class="passedeven"><td rowspan="3">Test3.GoogleSearchTest</td><td><a href="#m2">googleSearchBox</a></td><td rowspan="1">1554770008453</td><td rowspan="1">175</td></tr><tr class="passedeven"><td><a href="#m3">googleTitleTest</a></td><td rowspan="1">1554770008761</td><td rowspan="1">33</td></tr><tr class="passedeven"><td><a href="#m4">googleUrlTest</a></td><td rowspan="1">1554770008797</td><td rowspan="1">32</td></tr></tbody>
<tbody id="t1"><tr><th colspan="4">Tests on Firefox &#8212; failed</th></tr><tr class="failedeven"><td rowspan="2">Test3.GoogleSearchTest</td><td><a href="#m5">googleFeelingLuckyButtonTest</a></td><td rowspan="1">1554770065705</td><td rowspan="1">6262</td></tr><tr class="failedeven"><td><a href="#m6">googleSearchButtonTest</a></td><td rowspan="1">1554770073130</td><td rowspan="1">265</td></tr><tr><th colspan="4">Tests on Firefox &#8212; passed</th></tr><tr class="passedeven"><td rowspan="3">Test3.GoogleSearchTest</td><td><a href="#m7">googleSearchBox</a></td><td rowspan="1">1554770071972</td><td rowspan="1">1153</td></tr><tr class="passedeven"><td><a href="#m8">googleTitleTest</a></td><td rowspan="1">1554770073402</td><td rowspan="1">43</td></tr><tr class="passedeven"><td><a href="#m9">googleUrlTest</a></td><td rowspan="1">1554770073448</td><td rowspan="1">29</td></tr></tbody>
</table>
<h2>Tests on Chrome</h2><h3 id="m0">Test3.GoogleSearchTest#googleFeelingLuckyButtonTest</h3><table class="result"><tr><th>Exception</th></tr><tr><td><div class="stacktrace">java.lang.AssertionError: expected [true] but found [false]
	at Test3.GoogleSearchTest.googleFeelingLuckyButtonTest(GoogleSearchTest.java:47)
	at java.util.concurrent.FutureTask.run(Unknown Source)
	at java.util.concurrent.ThreadPoolExecutor.runWorker(Unknown Source)
	at java.util.concurrent.ThreadPoolExecutor$Worker.run(Unknown Source)
	at java.lang.Thread.run(Unknown Source)
... Removed 20 stack frames</div></td></tr></table><p class="totop"><a href="#summary">back to summary</a></p>
<h3 id="m1">Test3.GoogleSearchTest#googleSearchButtonTest</h3><table class="result"><tr><th>Exception</th></tr><tr><td><div class="stacktrace">java.lang.AssertionError: expected [true] but found [false]
	at Test3.GoogleSearchTest.googleSearchButtonTest(GoogleSearchTest.java:38)
	at java.util.concurrent.FutureTask.run(Unknown Source)
	at java.util.concurrent.ThreadPoolExecutor.runWorker(Unknown Source)
	at java.util.concurrent.ThreadPoolExecutor$Worker.run(Unknown Source)
	at java.lang.Thread.run(Unknown Source)
... Removed 20 stack frames</div></td></tr></table><p class="totop"><a href="#summary">back to summary</a></p>
<h3 id="m2">Test3.GoogleSearchTest#googleSearchBox</h3><table class="result"><tr><th class="invisible"/></tr></table><p class="totop"><a href="#summary">back to summary</a></p>
<h3 id="m3">Test3.GoogleSearchTest#googleTitleTest</h3><table class="result"><tr><th class="invisible"/></tr></table><p class="totop"><a href="#summary">back to summary</a></p>
<h3 id="m4">Test3.GoogleSearchTest#googleUrlTest</h3><table class="result"><tr><th class="invisible"/></tr></table><p class="totop"><a href="#summary">back to summary</a></p>
<h2>Tests on Firefox</h2><h3 id="m5">Test3.GoogleSearchTest#googleFeelingLuckyButtonTest</h3><table class="result"><tr><th>Exception</th></tr><tr><td><div class="stacktrace">java.lang.AssertionError: expected [true] but found [false]
	at Test3.GoogleSearchTest.googleFeelingLuckyButtonTest(GoogleSearchTest.java:47)
	at java.util.concurrent.FutureTask.run(Unknown Source)
	at java.util.concurrent.ThreadPoolExecutor.runWorker(Unknown Source)
	at java.util.concurrent.ThreadPoolExecutor$Worker.run(Unknown Source)
	at java.lang.Thread.run(Unknown Source)
... Removed 20 stack frames</div></td></tr></table><p class="totop"><a href="#summary">back to summary</a></p>
<h3 id="m6">Test3.GoogleSearchTest#googleSearchButtonTest</h3><table class="result"><tr><th>Exception</th></tr><tr><td><div class="stacktrace">java.lang.AssertionError: expected [true] but found [false]
	at Test3.GoogleSearchTest.googleSearchButtonTest(GoogleSearchTest.java:38)
	at java.util.concurrent.FutureTask.run(Unknown Source)
	at java.util.concurrent.ThreadPoolExecutor.runWorker(Unknown Source)
	at java.util.concurrent.ThreadPoolExecutor$Worker.run(Unknown Source)
	at java.lang.Thread.run(Unknown Source)
... Removed 20 stack frames</div></td></tr></table><p class="totop"><a href="#summary">back to summary</a></p>
<h3 id="m7">Test3.GoogleSearchTest#googleSearchBox</h3><table class="result"><tr><th class="invisible"/></tr></table><p class="totop"><a href="#summary">back to summary</a></p>
<h3 id="m8">Test3.GoogleSearchTest#googleTitleTest</h3><table class="result"><tr><th class="invisible"/></tr></table><p class="totop"><a href="#summary">back to summary</a></p>
<h3 id="m9">Test3.GoogleSearchTest#googleUrlTest</h3><table class="result"><tr><th class="invisible"/></tr></table><p class="totop"><a href="#summary">back to summary</a></p>
</body>
</html>
