<?xml version="1.0" encoding="UTF-8"?>
<testng-results skipped="0" failed="4" ignored="0" total="10" passed="6">
  <reporter-output>
  </reporter-output>
  <suite name="Suite" duration-ms="82691" started-at="2019-04-09T00:33:16Z" finished-at="2019-04-09T00:34:39Z">
    <groups>
    </groups>
    <test name="Tests on Chrome" duration-ms="12277" started-at="2019-04-09T00:33:16Z" finished-at="2019-04-09T00:33:28Z">
      <class name="Test3.GoogleSearchTest">
        <test-method status="PASS" signature="setUp(java.lang.String, java.lang.String, java.lang.String, java.lang.String)[pri:0, instance:Test3.GoogleSearchTest@6093dd95]" name="setUp" is-config="true" duration-ms="11548" started-at="2019-04-09T00:33:16Z" finished-at="2019-04-09T00:33:28Z">
          <params>
            <param index="0">
              <value>
                <![CDATA[windows]]>
              </value>
            </param>
            <param index="1">
              <value>
                <![CDATA[chrome]]>
              </value>
            </param>
            <param index="2">
              <value>
                <![CDATA[https://www.google.com/]]>
              </value>
            </param>
            <param index="3">
              <value>
                <![CDATA[http://192.168.1.5:4444]]>
              </value>
            </param>
          </params>
          <reporter-output>
          </reporter-output>
        </test-method> <!-- setUp -->
        <test-method status="FAIL" signature="googleFeelingLuckyButtonTest()[pri:0, instance:Test3.GoogleSearchTest@6093dd95]" name="googleFeelingLuckyButtonTest" duration-ms="177" started-at="2019-04-09T00:33:28Z" finished-at="2019-04-09T00:33:28Z">
          <exception class="java.lang.AssertionError">
            <message>
              <![CDATA[expected [true] but found [false]]]>
            </message>
            <full-stacktrace>
              <![CDATA[java.lang.AssertionError: expected [true] but found [false]
at org.testng.Assert.fail(Assert.java:96)
at org.testng.Assert.failNotEquals(Assert.java:776)
at org.testng.Assert.assertTrue(Assert.java:44)
at org.testng.Assert.assertTrue(Assert.java:54)
at Test3.GoogleSearchTest.googleFeelingLuckyButtonTest(GoogleSearchTest.java:47)
at sun.reflect.NativeMethodAccessorImpl.invoke0(Native Method)
at sun.reflect.NativeMethodAccessorImpl.invoke(Unknown Source)
at sun.reflect.DelegatingMethodAccessorImpl.invoke(Unknown Source)
at java.lang.reflect.Method.invoke(Unknown Source)
at org.testng.internal.MethodInvocationHelper.invokeMethod(MethodInvocationHelper.java:124)
at org.testng.internal.Invoker.invokeMethod(Invoker.java:580)
at org.testng.internal.Invoker.invokeTestMethod(Invoker.java:716)
at org.testng.internal.Invoker.invokeTestMethods(Invoker.java:988)
at org.testng.internal.TestMethodWorker.invokeTestMethods(TestMethodWorker.java:125)
at org.testng.internal.TestMethodWorker.run(TestMethodWorker.java:109)
at org.testng.TestRunner.privateRun(TestRunner.java:648)
at org.testng.TestRunner.run(TestRunner.java:505)
at org.testng.SuiteRunner.runTest(SuiteRunner.java:455)
at org.testng.SuiteRunner.access$000(SuiteRunner.java:40)
at org.testng.SuiteRunner$SuiteWorker.run(SuiteRunner.java:489)
at org.testng.internal.thread.ThreadUtil$1.call(ThreadUtil.java:52)
at java.util.concurrent.FutureTask.run(Unknown Source)
at java.util.concurrent.ThreadPoolExecutor.runWorker(Unknown Source)
at java.util.concurrent.ThreadPoolExecutor$Worker.run(Unknown Source)
at java.lang.Thread.run(Unknown Source)
]]>
            </full-stacktrace>
          </exception> <!-- java.lang.AssertionError -->
          <reporter-output>
          </reporter-output>
        </test-method> <!-- googleFeelingLuckyButtonTest -->
        <test-method status="PASS" signature="googleSearchBox()[pri:0, instance:Test3.GoogleSearchTest@6093dd95]" name="googleSearchBox" duration-ms="175" started-at="2019-04-09T00:33:28Z" finished-at="2019-04-09T00:33:28Z">
          <reporter-output>
          </reporter-output>
        </test-method> <!-- googleSearchBox -->
        <test-method status="FAIL" signature="googleSearchButtonTest()[pri:0, instance:Test3.GoogleSearchTest@6093dd95]" name="googleSearchButtonTest" duration-ms="124" started-at="2019-04-09T00:33:28Z" finished-at="2019-04-09T00:33:28Z">
          <exception class="java.lang.AssertionError">
            <message>
              <![CDATA[expected [true] but found [false]]]>
            </message>
            <full-stacktrace>
              <![CDATA[java.lang.AssertionError: expected [true] but found [false]
at org.testng.Assert.fail(Assert.java:96)
at org.testng.Assert.failNotEquals(Assert.java:776)
at org.testng.Assert.assertTrue(Assert.java:44)
at org.testng.Assert.assertTrue(Assert.java:54)
at Test3.GoogleSearchTest.googleSearchButtonTest(GoogleSearchTest.java:38)
at sun.reflect.NativeMethodAccessorImpl.invoke0(Native Method)
at sun.reflect.NativeMethodAccessorImpl.invoke(Unknown Source)
at sun.reflect.DelegatingMethodAccessorImpl.invoke(Unknown Source)
at java.lang.reflect.Method.invoke(Unknown Source)
at org.testng.internal.MethodInvocationHelper.invokeMethod(MethodInvocationHelper.java:124)
at org.testng.internal.Invoker.invokeMethod(Invoker.java:580)
at org.testng.internal.Invoker.invokeTestMethod(Invoker.java:716)
at org.testng.internal.Invoker.invokeTestMethods(Invoker.java:988)
at org.testng.internal.TestMethodWorker.invokeTestMethods(TestMethodWorker.java:125)
at org.testng.internal.TestMethodWorker.run(TestMethodWorker.java:109)
at org.testng.TestRunner.privateRun(TestRunner.java:648)
at org.testng.TestRunner.run(TestRunner.java:505)
at org.testng.SuiteRunner.runTest(SuiteRunner.java:455)
at org.testng.SuiteRunner.access$000(SuiteRunner.java:40)
at org.testng.SuiteRunner$SuiteWorker.run(SuiteRunner.java:489)
at org.testng.internal.thread.ThreadUtil$1.call(ThreadUtil.java:52)
at java.util.concurrent.FutureTask.run(Unknown Source)
at java.util.concurrent.ThreadPoolExecutor.runWorker(Unknown Source)
at java.util.concurrent.ThreadPoolExecutor$Worker.run(Unknown Source)
at java.lang.Thread.run(Unknown Source)
]]>
            </full-stacktrace>
          </exception> <!-- java.lang.AssertionError -->
          <reporter-output>
          </reporter-output>
        </test-method> <!-- googleSearchButtonTest -->
        <test-method status="PASS" signature="googleTitleTest()[pri:0, instance:Test3.GoogleSearchTest@6093dd95]" name="googleTitleTest" duration-ms="33" started-at="2019-04-09T00:33:28Z" finished-at="2019-04-09T00:33:28Z">
          <reporter-output>
          </reporter-output>
        </test-method> <!-- googleTitleTest -->
        <test-method status="PASS" signature="googleUrlTest()[pri:0, instance:Test3.GoogleSearchTest@6093dd95]" name="googleUrlTest" duration-ms="32" started-at="2019-04-09T00:33:28Z" finished-at="2019-04-09T00:33:28Z">
          <reporter-output>
          </reporter-output>
        </test-method> <!-- googleUrlTest -->
        <test-method status="PASS" signature="closeBrowser()[pri:0, instance:Test3.GoogleSearchTest@6093dd95]" name="closeBrowser" is-config="true" duration-ms="97" started-at="2019-04-09T00:33:28Z" finished-at="2019-04-09T00:33:28Z">
          <reporter-output>
          </reporter-output>
        </test-method> <!-- closeBrowser -->
      </class> <!-- Test3.GoogleSearchTest -->
    </test> <!-- Tests on Chrome -->
    <test name="Tests on Firefox" duration-ms="82691" started-at="2019-04-09T00:33:16Z" finished-at="2019-04-09T00:34:39Z">
      <class name="Test3.GoogleSearchTest">
        <test-method status="PASS" signature="setUp(java.lang.String, java.lang.String, java.lang.String, java.lang.String)[pri:0, instance:Test3.GoogleSearchTest@2b98378d]" name="setUp" is-config="true" duration-ms="69006" started-at="2019-04-09T00:33:16Z" finished-at="2019-04-09T00:34:25Z">
          <params>
            <param index="0">
              <value>
                <![CDATA[windows]]>
              </value>
            </param>
            <param index="1">
              <value>
                <![CDATA[firefox]]>
              </value>
            </param>
            <param index="2">
              <value>
                <![CDATA[https://www.google.com/]]>
              </value>
            </param>
            <param index="3">
              <value>
                <![CDATA[http://192.168.1.5:4444]]>
              </value>
            </param>
          </params>
          <reporter-output>
          </reporter-output>
        </test-method> <!-- setUp -->
        <test-method status="FAIL" signature="googleFeelingLuckyButtonTest()[pri:0, instance:Test3.GoogleSearchTest@2b98378d]" name="googleFeelingLuckyButtonTest" duration-ms="6262" started-at="2019-04-09T00:34:25Z" finished-at="2019-04-09T00:34:31Z">
          <exception class="java.lang.AssertionError">
            <message>
              <![CDATA[expected [true] but found [false]]]>
            </message>
            <full-stacktrace>
              <![CDATA[java.lang.AssertionError: expected [true] but found [false]
at org.testng.Assert.fail(Assert.java:96)
at org.testng.Assert.failNotEquals(Assert.java:776)
at org.testng.Assert.assertTrue(Assert.java:44)
at org.testng.Assert.assertTrue(Assert.java:54)
at Test3.GoogleSearchTest.googleFeelingLuckyButtonTest(GoogleSearchTest.java:47)
at sun.reflect.NativeMethodAccessorImpl.invoke0(Native Method)
at sun.reflect.NativeMethodAccessorImpl.invoke(Unknown Source)
at sun.reflect.DelegatingMethodAccessorImpl.invoke(Unknown Source)
at java.lang.reflect.Method.invoke(Unknown Source)
at org.testng.internal.MethodInvocationHelper.invokeMethod(MethodInvocationHelper.java:124)
at org.testng.internal.Invoker.invokeMethod(Invoker.java:580)
at org.testng.internal.Invoker.invokeTestMethod(Invoker.java:716)
at org.testng.internal.Invoker.invokeTestMethods(Invoker.java:988)
at org.testng.internal.TestMethodWorker.invokeTestMethods(TestMethodWorker.java:125)
at org.testng.internal.TestMethodWorker.run(TestMethodWorker.java:109)
at org.testng.TestRunner.privateRun(TestRunner.java:648)
at org.testng.TestRunner.run(TestRunner.java:505)
at org.testng.SuiteRunner.runTest(SuiteRunner.java:455)
at org.testng.SuiteRunner.access$000(SuiteRunner.java:40)
at org.testng.SuiteRunner$SuiteWorker.run(SuiteRunner.java:489)
at org.testng.internal.thread.ThreadUtil$1.call(ThreadUtil.java:52)
at java.util.concurrent.FutureTask.run(Unknown Source)
at java.util.concurrent.ThreadPoolExecutor.runWorker(Unknown Source)
at java.util.concurrent.ThreadPoolExecutor$Worker.run(Unknown Source)
at java.lang.Thread.run(Unknown Source)
]]>
            </full-stacktrace>
          </exception> <!-- java.lang.AssertionError -->
          <reporter-output>
          </reporter-output>
        </test-method> <!-- googleFeelingLuckyButtonTest -->
        <test-method status="PASS" signature="googleSearchBox()[pri:0, instance:Test3.GoogleSearchTest@2b98378d]" name="googleSearchBox" duration-ms="1153" started-at="2019-04-09T00:34:31Z" finished-at="2019-04-09T00:34:33Z">
          <reporter-output>
          </reporter-output>
        </test-method> <!-- googleSearchBox -->
        <test-method status="FAIL" signature="googleSearchButtonTest()[pri:0, instance:Test3.GoogleSearchTest@2b98378d]" name="googleSearchButtonTest" duration-ms="265" started-at="2019-04-09T00:34:33Z" finished-at="2019-04-09T00:34:33Z">
          <exception class="java.lang.AssertionError">
            <message>
              <![CDATA[expected [true] but found [false]]]>
            </message>
            <full-stacktrace>
              <![CDATA[java.lang.AssertionError: expected [true] but found [false]
at org.testng.Assert.fail(Assert.java:96)
at org.testng.Assert.failNotEquals(Assert.java:776)
at org.testng.Assert.assertTrue(Assert.java:44)
at org.testng.Assert.assertTrue(Assert.java:54)
at Test3.GoogleSearchTest.googleSearchButtonTest(GoogleSearchTest.java:38)
at sun.reflect.NativeMethodAccessorImpl.invoke0(Native Method)
at sun.reflect.NativeMethodAccessorImpl.invoke(Unknown Source)
at sun.reflect.DelegatingMethodAccessorImpl.invoke(Unknown Source)
at java.lang.reflect.Method.invoke(Unknown Source)
at org.testng.internal.MethodInvocationHelper.invokeMethod(MethodInvocationHelper.java:124)
at org.testng.internal.Invoker.invokeMethod(Invoker.java:580)
at org.testng.internal.Invoker.invokeTestMethod(Invoker.java:716)
at org.testng.internal.Invoker.invokeTestMethods(Invoker.java:988)
at org.testng.internal.TestMethodWorker.invokeTestMethods(TestMethodWorker.java:125)
at org.testng.internal.TestMethodWorker.run(TestMethodWorker.java:109)
at org.testng.TestRunner.privateRun(TestRunner.java:648)
at org.testng.TestRunner.run(TestRunner.java:505)
at org.testng.SuiteRunner.runTest(SuiteRunner.java:455)
at org.testng.SuiteRunner.access$000(SuiteRunner.java:40)
at org.testng.SuiteRunner$SuiteWorker.run(SuiteRunner.java:489)
at org.testng.internal.thread.ThreadUtil$1.call(ThreadUtil.java:52)
at java.util.concurrent.FutureTask.run(Unknown Source)
at java.util.concurrent.ThreadPoolExecutor.runWorker(Unknown Source)
at java.util.concurrent.ThreadPoolExecutor$Worker.run(Unknown Source)
at java.lang.Thread.run(Unknown Source)
]]>
            </full-stacktrace>
          </exception> <!-- java.lang.AssertionError -->
          <reporter-output>
          </reporter-output>
        </test-method> <!-- googleSearchButtonTest -->
        <test-method status="PASS" signature="googleTitleTest()[pri:0, instance:Test3.GoogleSearchTest@2b98378d]" name="googleTitleTest" duration-ms="43" started-at="2019-04-09T00:34:33Z" finished-at="2019-04-09T00:34:33Z">
          <reporter-output>
          </reporter-output>
        </test-method> <!-- googleTitleTest -->
        <test-method status="PASS" signature="googleUrlTest()[pri:0, instance:Test3.GoogleSearchTest@2b98378d]" name="googleUrlTest" duration-ms="29" started-at="2019-04-09T00:34:33Z" finished-at="2019-04-09T00:34:33Z">
          <reporter-output>
          </reporter-output>
        </test-method> <!-- googleUrlTest -->
        <test-method status="PASS" signature="closeBrowser()[pri:0, instance:Test3.GoogleSearchTest@2b98378d]" name="closeBrowser" is-config="true" duration-ms="5866" started-at="2019-04-09T00:34:33Z" finished-at="2019-04-09T00:34:39Z">
          <reporter-output>
          </reporter-output>
        </test-method> <!-- closeBrowser -->
      </class> <!-- Test3.GoogleSearchTest -->
    </test> <!-- Tests on Firefox -->
  </suite> <!-- Suite -->
</testng-results>
